This is pdfTeX, Version 3.1415926-2.3-1.40.12 (MiKTeX 2.9) (preloaded format=pdflatex 2019.12.22)  22 JUL 2021 16:53
entering extended mode
**main.tex
(C:\Users\yilih\Documents\GitHub\Git-Poisson-Multinomial\tex\main.tex
LaTeX2e <2011/06/27>
Babel <v3.8m> and hyphenation patterns for loaded.
(C:\CTEX\MiKTeX\tex\latex\base\article.cls
Document Class: article 2007/10/19 v1.4h Standard LaTeX document class
(C:\CTEX\MiKTeX\tex\latex\base\size12.clo
File: size12.clo 2007/10/19 v1.4h Standard LaTeX file (size option)
)
\c@part=\count79
\c@section=\count80
\c@subsection=\count81
\c@subsubsection=\count82
\c@paragraph=\count83
\c@subparagraph=\count84
\c@figure=\count85
\c@table=\count86
\abovecaptionskip=\skip41
\belowcaptionskip=\skip42
\bibindent=\dimen102
)
(C:\CTEX\MiKTeX\tex\latex\base\latexsym.sty
Package: latexsym 1998/08/17 v2.2e Standard LaTeX package (lasy symbols)
\symlasy=\mathgroup4
LaTeX Font Info:    Overwriting symbol font `lasy' in version `bold'
(Font)                  U/lasy/m/n --> U/lasy/b/n on input line 47.
)
(C:\CTEX\MiKTeX\tex\latex\graphics\epsfig.sty
Package: epsfig 1999/02/16 v1.7a (e)psfig emulation (SPQR)

(C:\CTEX\MiKTeX\tex\latex\graphics\graphicx.sty
Package: graphicx 1999/02/16 v1.0f Enhanced LaTeX Graphics (DPC,SPQR)

(C:\CTEX\MiKTeX\tex\latex\graphics\keyval.sty
Package: keyval 1999/03/16 v1.13 key=value parser (DPC)
\KV@toks@=\toks14
)
(C:\CTEX\MiKTeX\tex\latex\graphics\graphics.sty
Package: graphics 2009/02/05 v1.0o Standard LaTeX Graphics (DPC,SPQR)

(C:\CTEX\MiKTeX\tex\latex\graphics\trig.sty
Package: trig 1999/03/16 v1.09 sin cos tan (DPC)
)
(C:\CTEX\MiKTeX\tex\latex\00miktex\graphics.cfg
File: graphics.cfg 2007/01/18 v1.5 graphics configuration of teTeX/TeXLive
)
Package graphics Info: Driver file: pdftex.def on input line 91.

(C:\CTEX\MiKTeX\tex\latex\pdftex-def\pdftex.def
File: pdftex.def 2011/05/27 v0.06d Graphics/color for pdfTeX

(C:\CTEX\MiKTeX\tex\generic\oberdiek\infwarerr.sty
Package: infwarerr 2010/04/08 v1.3 Providing info/warning/message (HO)
)
(C:\CTEX\MiKTeX\tex\generic\oberdiek\ltxcmds.sty
Package: ltxcmds 2011/04/18 v1.20 LaTeX kernel commands for general use (HO)
)
\Gread@gobject=\count87
))
\Gin@req@height=\dimen103
\Gin@req@width=\dimen104
)
\epsfxsize=\dimen105
\epsfysize=\dimen106
)
(C:\CTEX\MiKTeX\tex\latex\oberdiek\epstopdf.sty
Package: epstopdf 2010/02/09 v2.5 Conversion with epstopdf on the fly (HO)

(C:\CTEX\MiKTeX\tex\latex\oberdiek\epstopdf-base.sty
Package: epstopdf-base 2010/02/09 v2.5 Base part for package epstopdf

(C:\CTEX\MiKTeX\tex\latex\oberdiek\grfext.sty
Package: grfext 2010/08/19 v1.1 Managing graphics extensions (HO)

(C:\CTEX\MiKTeX\tex\generic\oberdiek\kvdefinekeys.sty
Package: kvdefinekeys 2011/04/07 v1.3 Defining keys (HO)
))
(C:\CTEX\MiKTeX\tex\latex\oberdiek\kvoptions.sty
Package: kvoptions 2010/12/23 v3.10 Keyval support for LaTeX options (HO)

(C:\CTEX\MiKTeX\tex\generic\oberdiek\kvsetkeys.sty
Package: kvsetkeys 2011/04/07 v1.13 Key value parser (HO)

(C:\CTEX\MiKTeX\tex\generic\oberdiek\etexcmds.sty
Package: etexcmds 2011/02/16 v1.5 Prefix for e-TeX command names (HO)

(C:\CTEX\MiKTeX\tex\generic\oberdiek\ifluatex.sty
Package: ifluatex 2010/03/01 v1.3 Provides the ifluatex switch (HO)
Package ifluatex Info: LuaTeX not detected.
)
Package etexcmds Info: Could not find \expanded.
(etexcmds)             That can mean that you are not using pdfTeX 1.50 or
(etexcmds)             that some package has redefined \expanded.
(etexcmds)             In the latter case, load this package earlier.
)))
(C:\CTEX\MiKTeX\tex\generic\oberdiek\pdftexcmds.sty
Package: pdftexcmds 2011/04/22 v0.16 Utilities of pdfTeX for LuaTeX (HO)

(C:\CTEX\MiKTeX\tex\generic\oberdiek\ifpdf.sty
Package: ifpdf 2011/01/30 v2.3 Provides the ifpdf switch (HO)
Package ifpdf Info: pdfTeX in PDF mode is detected.
)
Package pdftexcmds Info: LuaTeX not detected.
Package pdftexcmds Info: \pdf@primitive is available.
Package pdftexcmds Info: \pdf@ifprimitive is available.
Package pdftexcmds Info: \pdfdraftmode found.
)
Package grfext Info: Graphics extension search list:
(grfext)             [.png,.pdf,.jpg,.mps,.jpeg,.jbig2,.jb2,.PNG,.PDF,.JPG,.JPE
G,.JBIG2,.JB2,.eps]
(grfext)             \AppendGraphicsExtensions on input line 452.
))
(C:\CTEX\MiKTeX\tex\latex\ams\math\amsmath.sty
Package: amsmath 2000/07/18 v2.13 AMS math features
\@mathmargin=\skip43

For additional information on amsmath, use the `?' option.
(C:\CTEX\MiKTeX\tex\latex\ams\math\amstext.sty
Package: amstext 2000/06/29 v2.01

(C:\CTEX\MiKTeX\tex\latex\ams\math\amsgen.sty
File: amsgen.sty 1999/11/30 v2.0
\@emptytoks=\toks15
\ex@=\dimen107
))
(C:\CTEX\MiKTeX\tex\latex\ams\math\amsbsy.sty
Package: amsbsy 1999/11/29 v1.2d
\pmbraise@=\dimen108
)
(C:\CTEX\MiKTeX\tex\latex\ams\math\amsopn.sty
Package: amsopn 1999/12/14 v2.01 operator names
)
\inf@bad=\count88
LaTeX Info: Redefining \frac on input line 211.
\uproot@=\count89
\leftroot@=\count90
LaTeX Info: Redefining \overline on input line 307.
\classnum@=\count91
\DOTSCASE@=\count92
LaTeX Info: Redefining \ldots on input line 379.
LaTeX Info: Redefining \dots on input line 382.
LaTeX Info: Redefining \cdots on input line 467.
\Mathstrutbox@=\box26
\strutbox@=\box27
\big@size=\dimen109
LaTeX Font Info:    Redeclaring font encoding OML on input line 567.
LaTeX Font Info:    Redeclaring font encoding OMS on input line 568.
\macc@depth=\count93
\c@MaxMatrixCols=\count94
\dotsspace@=\muskip10
\c@parentequation=\count95
\dspbrk@lvl=\count96
\tag@help=\toks16
\row@=\count97
\column@=\count98
\maxfields@=\count99
\andhelp@=\toks17
\eqnshift@=\dimen110
\alignsep@=\dimen111
\tagshift@=\dimen112
\tagwidth@=\dimen113
\totwidth@=\dimen114
\lineht@=\dimen115
\@envbody=\toks18
\multlinegap=\skip44
\multlinetaggap=\skip45
\mathdisplay@stack=\toks19
LaTeX Info: Redefining \[ on input line 2666.
LaTeX Info: Redefining \] on input line 2667.
)
(C:\CTEX\MiKTeX\tex\latex\amsfonts\amssymb.sty
Package: amssymb 2009/06/22 v3.00

(C:\CTEX\MiKTeX\tex\latex\amsfonts\amsfonts.sty
Package: amsfonts 2009/06/22 v3.00 Basic AMSFonts support
\symAMSa=\mathgroup5
\symAMSb=\mathgroup6
LaTeX Font Info:    Overwriting math alphabet `\mathfrak' in version `bold'
(Font)                  U/euf/m/n --> U/euf/b/n on input line 96.
))
(C:\CTEX\MiKTeX\tex\latex\ams\math\amscd.sty
Package: amscd 1999/11/29 v2.0
\athelp@=\toks20
\minaw@=\dimen116
\bigaw@=\dimen117
\minCDarrowwidth=\dimen118
)
(C:\CTEX\MiKTeX\tex\latex\multirow\multirow.sty
\bigstrutjot=\dimen119
)
(C:\CTEX\MiKTeX\tex\latex\chicago\chicago.sty
Using Chicago Manual of Style bibliography: 31 August 1992
\bibhang=\skip46
\bibindent=\dimen120
) (C:\CTEX\MiKTeX\tex\latex\psfrag\psfrag.sty
Package: psfrag 1998/04/11 v3.04 PSfrag (MCG)
\pfg@pcount=\count100
\pfg@scount=\count101
\pfg@temp=\write3
)
(C:\CTEX\MiKTeX\tex\latex\paralist\paralist.sty
Package: paralist 2002/03/18 v2.3b Extended list environments (BS)
\pltopsep=\skip47
\plpartopsep=\skip48
\plitemsep=\skip49
\plparsep=\skip50
\pl@lab=\toks21
)
(C:\CTEX\MiKTeX\tex\latex\dstroke\dsfont.sty
Package: dsfont 1995/08/01 v0.1 Double stroke roman fonts
)
(C:\CTEX\MiKTeX\tex\latex\ltxmisc\url.sty
\Urlmuskip=\muskip11
Package: url 2006/04/12  ver 3.3  Verb mode for urls, etc.
)
(C:\CTEX\MiKTeX\tex\latex\apacite\apacite.sty
Package: apacite 2012/02/25 v6.01 APA citation
\c@BibCnt=\count102
\bibleftmargin=\skip51
\bibindent=\skip52
\bibparsep=\skip53
\bibitemsep=\skip54
\biblabelsep=\skip55
)
(C:\CTEX\MiKTeX\tex\latex\base\inputenc.sty
Package: inputenc 2008/03/30 v1.1d Input encoding file
\inpenc@prehook=\toks22
\inpenc@posthook=\toks23

(C:\CTEX\MiKTeX\tex\latex\base\utf8.def
File: utf8.def 2008/04/05 v1.1m UTF-8 support for inputenc
Now handling font encoding OML ...
... no UTF-8 mapping file for font encoding OML
Now handling font encoding T1 ...
... processing UTF-8 mapping file for font encoding T1

(C:\CTEX\MiKTeX\tex\latex\base\t1enc.dfu
File: t1enc.dfu 2008/04/05 v1.1m UTF-8 support for inputenc
   defining Unicode char U+00A1 (decimal 161)
   defining Unicode char U+00A3 (decimal 163)
   defining Unicode char U+00AB (decimal 171)
   defining Unicode char U+00BB (decimal 187)
   defining Unicode char U+00BF (decimal 191)
   defining Unicode char U+00C0 (decimal 192)
   defining Unicode char U+00C1 (decimal 193)
   defining Unicode char U+00C2 (decimal 194)
   defining Unicode char U+00C3 (decimal 195)
   defining Unicode char U+00C4 (decimal 196)
   defining Unicode char U+00C5 (decimal 197)
   defining Unicode char U+00C6 (decimal 198)
   defining Unicode char U+00C7 (decimal 199)
   defining Unicode char U+00C8 (decimal 200)
   defining Unicode char U+00C9 (decimal 201)
   defining Unicode char U+00CA (decimal 202)
   defining Unicode char U+00CB (decimal 203)
   defining Unicode char U+00CC (decimal 204)
   defining Unicode char U+00CD (decimal 205)
   defining Unicode char U+00CE (decimal 206)
   defining Unicode char U+00CF (decimal 207)
   defining Unicode char U+00D0 (decimal 208)
   defining Unicode char U+00D1 (decimal 209)
   defining Unicode char U+00D2 (decimal 210)
   defining Unicode char U+00D3 (decimal 211)
   defining Unicode char U+00D4 (decimal 212)
   defining Unicode char U+00D5 (decimal 213)
   defining Unicode char U+00D6 (decimal 214)
   defining Unicode char U+00D8 (decimal 216)
   defining Unicode char U+00D9 (decimal 217)
   defining Unicode char U+00DA (decimal 218)
   defining Unicode char U+00DB (decimal 219)
   defining Unicode char U+00DC (decimal 220)
   defining Unicode char U+00DD (decimal 221)
   defining Unicode char U+00DE (decimal 222)
   defining Unicode char U+00DF (decimal 223)
   defining Unicode char U+00E0 (decimal 224)
   defining Unicode char U+00E1 (decimal 225)
   defining Unicode char U+00E2 (decimal 226)
   defining Unicode char U+00E3 (decimal 227)
   defining Unicode char U+00E4 (decimal 228)
   defining Unicode char U+00E5 (decimal 229)
   defining Unicode char U+00E6 (decimal 230)
   defining Unicode char U+00E7 (decimal 231)
   defining Unicode char U+00E8 (decimal 232)
   defining Unicode char U+00E9 (decimal 233)
   defining Unicode char U+00EA (decimal 234)
   defining Unicode char U+00EB (decimal 235)
   defining Unicode char U+00EC (decimal 236)
   defining Unicode char U+00ED (decimal 237)
   defining Unicode char U+00EE (decimal 238)
   defining Unicode char U+00EF (decimal 239)
   defining Unicode char U+00F0 (decimal 240)
   defining Unicode char U+00F1 (decimal 241)
   defining Unicode char U+00F2 (decimal 242)
   defining Unicode char U+00F3 (decimal 243)
   defining Unicode char U+00F4 (decimal 244)
   defining Unicode char U+00F5 (decimal 245)
   defining Unicode char U+00F6 (decimal 246)
   defining Unicode char U+00F8 (decimal 248)
   defining Unicode char U+00F9 (decimal 249)
   defining Unicode char U+00FA (decimal 250)
   defining Unicode char U+00FB (decimal 251)
   defining Unicode char U+00FC (decimal 252)
   defining Unicode char U+00FD (decimal 253)
   defining Unicode char U+00FE (decimal 254)
   defining Unicode char U+00FF (decimal 255)
   defining Unicode char U+0102 (decimal 258)
   defining Unicode char U+0103 (decimal 259)
   defining Unicode char U+0104 (decimal 260)
   defining Unicode char U+0105 (decimal 261)
   defining Unicode char U+0106 (decimal 262)
   defining Unicode char U+0107 (decimal 263)
   defining Unicode char U+010C (decimal 268)
   defining Unicode char U+010D (decimal 269)
   defining Unicode char U+010E (decimal 270)
   defining Unicode char U+010F (decimal 271)
   defining Unicode char U+0110 (decimal 272)
   defining Unicode char U+0111 (decimal 273)
   defining Unicode char U+0118 (decimal 280)
   defining Unicode char U+0119 (decimal 281)
   defining Unicode char U+011A (decimal 282)
   defining Unicode char U+011B (decimal 283)
   defining Unicode char U+011E (decimal 286)
   defining Unicode char U+011F (decimal 287)
   defining Unicode char U+0130 (decimal 304)
   defining Unicode char U+0131 (decimal 305)
   defining Unicode char U+0132 (decimal 306)
   defining Unicode char U+0133 (decimal 307)
   defining Unicode char U+0139 (decimal 313)
   defining Unicode char U+013A (decimal 314)
   defining Unicode char U+013D (decimal 317)
   defining Unicode char U+013E (decimal 318)
   defining Unicode char U+0141 (decimal 321)
   defining Unicode char U+0142 (decimal 322)
   defining Unicode char U+0143 (decimal 323)
   defining Unicode char U+0144 (decimal 324)
   defining Unicode char U+0147 (decimal 327)
   defining Unicode char U+0148 (decimal 328)
   defining Unicode char U+014A (decimal 330)
   defining Unicode char U+014B (decimal 331)
   defining Unicode char U+0150 (decimal 336)
   defining Unicode char U+0151 (decimal 337)
   defining Unicode char U+0152 (decimal 338)
   defining Unicode char U+0153 (decimal 339)
   defining Unicode char U+0154 (decimal 340)
   defining Unicode char U+0155 (decimal 341)
   defining Unicode char U+0158 (decimal 344)
   defining Unicode char U+0159 (decimal 345)
   defining Unicode char U+015A (decimal 346)
   defining Unicode char U+015B (decimal 347)
   defining Unicode char U+015E (decimal 350)
   defining Unicode char U+015F (decimal 351)
   defining Unicode char U+0160 (decimal 352)
   defining Unicode char U+0161 (decimal 353)
   defining Unicode char U+0162 (decimal 354)
   defining Unicode char U+0163 (decimal 355)
   defining Unicode char U+0164 (decimal 356)
   defining Unicode char U+0165 (decimal 357)
   defining Unicode char U+016E (decimal 366)
   defining Unicode char U+016F (decimal 367)
   defining Unicode char U+0170 (decimal 368)
   defining Unicode char U+0171 (decimal 369)
   defining Unicode char U+0178 (decimal 376)
   defining Unicode char U+0179 (decimal 377)
   defining Unicode char U+017A (decimal 378)
   defining Unicode char U+017B (decimal 379)
   defining Unicode char U+017C (decimal 380)
   defining Unicode char U+017D (decimal 381)
   defining Unicode char U+017E (decimal 382)
   defining Unicode char U+200C (decimal 8204)
   defining Unicode char U+2013 (decimal 8211)
   defining Unicode char U+2014 (decimal 8212)
   defining Unicode char U+2018 (decimal 8216)
   defining Unicode char U+2019 (decimal 8217)
   defining Unicode char U+201A (decimal 8218)
   defining Unicode char U+201C (decimal 8220)
   defining Unicode char U+201D (decimal 8221)
   defining Unicode char U+201E (decimal 8222)
   defining Unicode char U+2030 (decimal 8240)
   defining Unicode char U+2031 (decimal 8241)
   defining Unicode char U+2039 (decimal 8249)
   defining Unicode char U+203A (decimal 8250)
   defining Unicode char U+2423 (decimal 9251)
)
Now handling font encoding OT1 ...
... processing UTF-8 mapping file for font encoding OT1

(C:\CTEX\MiKTeX\tex\latex\base\ot1enc.dfu
File: ot1enc.dfu 2008/04/05 v1.1m UTF-8 support for inputenc
   defining Unicode char U+00A1 (decimal 161)
   defining Unicode char U+00A3 (decimal 163)
   defining Unicode char U+00B8 (decimal 184)
   defining Unicode char U+00BF (decimal 191)
   defining Unicode char U+00C5 (decimal 197)
   defining Unicode char U+00C6 (decimal 198)
   defining Unicode char U+00D8 (decimal 216)
   defining Unicode char U+00DF (decimal 223)
   defining Unicode char U+00E6 (decimal 230)
   defining Unicode char U+00EC (decimal 236)
   defining Unicode char U+00ED (decimal 237)
   defining Unicode char U+00EE (decimal 238)
   defining Unicode char U+00EF (decimal 239)
   defining Unicode char U+00F8 (decimal 248)
   defining Unicode char U+0131 (decimal 305)
   defining Unicode char U+0141 (decimal 321)
   defining Unicode char U+0142 (decimal 322)
   defining Unicode char U+0152 (decimal 338)
   defining Unicode char U+0153 (decimal 339)
   defining Unicode char U+2013 (decimal 8211)
   defining Unicode char U+2014 (decimal 8212)
   defining Unicode char U+2018 (decimal 8216)
   defining Unicode char U+2019 (decimal 8217)
   defining Unicode char U+201C (decimal 8220)
   defining Unicode char U+201D (decimal 8221)
)
Now handling font encoding OMS ...
... processing UTF-8 mapping file for font encoding OMS

(C:\CTEX\MiKTeX\tex\latex\base\omsenc.dfu
File: omsenc.dfu 2008/04/05 v1.1m UTF-8 support for inputenc
   defining Unicode char U+00A7 (decimal 167)
   defining Unicode char U+00B6 (decimal 182)
   defining Unicode char U+00B7 (decimal 183)
   defining Unicode char U+2020 (decimal 8224)
   defining Unicode char U+2021 (decimal 8225)
   defining Unicode char U+2022 (decimal 8226)
)
Now handling font encoding OMX ...
... no UTF-8 mapping file for font encoding OMX
Now handling font encoding U ...
... no UTF-8 mapping file for font encoding U
   defining Unicode char U+00A9 (decimal 169)
   defining Unicode char U+00AA (decimal 170)
   defining Unicode char U+00AE (decimal 174)
   defining Unicode char U+00BA (decimal 186)
   defining Unicode char U+02C6 (decimal 710)
   defining Unicode char U+02DC (decimal 732)
   defining Unicode char U+200C (decimal 8204)
   defining Unicode char U+2026 (decimal 8230)
   defining Unicode char U+2122 (decimal 8482)
   defining Unicode char U+2423 (decimal 9251)
))
(C:\CTEX\MiKTeX\tex\latex\placeins\placeins.sty
Package: placeins 2005/04/18  v 2.2
)
(C:\CTEX\MiKTeX\tex\latex\appendix\appendix.sty
Package: appendix 2009/09/02 v1.2b extra appendix facilities
\c@@pps=\count103
\c@@ppsavesec=\count104
\c@@ppsaveapp=\count105
)
(C:\CTEX\MiKTeX\tex\latex\diagbox\diagbox.sty
Package: diagbox 2011/11/23 v2.0 Making table heads with diagonal lines

(C:\CTEX\MiKTeX\tex\latex\pict2e\pict2e.sty
Package: pict2e 2011/04/05 v0.2y Improved picture commands (HjG,RN,JT)

(C:\CTEX\MiKTeX\tex\latex\00miktex\pict2e.cfg
File: pict2e.cfg 2005/12/29 v1.0 MiKTeX 'pict2e' configuration
)
Package pict2e Info: Driver file: pdftex.def on input line 119.
Package pict2e Info: Driver file for pict2e: p2e-pdftex.def on input line 121.

(C:\CTEX\MiKTeX\tex\latex\pict2e\p2e-pdftex.def
File: p2e-pdftex.def 2011/04/05 v0.1t Driver-dependant file (RN,HjG,JT)
)
\pIIe@GRAPH=\toks24
\@arclen=\dimen121
\@arcrad=\dimen122
\@tempdimd=\dimen123
)
(C:\CTEX\MiKTeX\tex\latex\fp\fp.sty
Package: fp 1995/04/02

`Fixed Point Package', Version 0.8, April 2, 1995 (C) Michael Mehlich
(C:\CTEX\MiKTeX\tex\latex\fp\defpattern.sty
Package: defpattern 1994/10/12
\actioncount=\count106
)
(C:\CTEX\MiKTeX\tex\latex\fp\fp-basic.sty
Package: fp-basic 1996/05/13
\FP@xs=\count107
\FP@xia=\count108
\FP@xib=\count109
\FP@xfa=\count110
\FP@xfb=\count111
\FP@rega=\count112
\FP@regb=\count113
\FP@regs=\count114
\FP@times=\count115
)
(C:\CTEX\MiKTeX\tex\latex\fp\fp-addons.sty
Package: fp-addons 1995/03/15
)
(C:\CTEX\MiKTeX\tex\latex\fp\fp-snap.sty
Package: fp-snap 1995/04/05
)
(C:\CTEX\MiKTeX\tex\latex\fp\fp-exp.sty
Package: fp-exp 1995/04/03
)
(C:\CTEX\MiKTeX\tex\latex\fp\fp-trigo.sty
Package: fp-trigo 1995/04/14
)
(C:\CTEX\MiKTeX\tex\latex\fp\fp-pas.sty
Package: fp-pas 1994/08/29
)
(C:\CTEX\MiKTeX\tex\latex\fp\fp-random.sty
Package: fp-random 1995/02/23
\FPseed=\count116
)
(C:\CTEX\MiKTeX\tex\latex\fp\fp-eqn.sty
Package: fp-eqn 1995/04/03
)
(C:\CTEX\MiKTeX\tex\latex\fp\fp-upn.sty
Package: fp-upn 1996/10/21
)
(C:\CTEX\MiKTeX\tex\latex\fp\fp-eval.sty
Package: fp-eval 1995/04/03
))
\diagbox@boxa=\box28
\diagbox@boxb=\box29
\diagbox@boxm=\box30
\diagbox@wd=\dimen124
\diagbox@ht=\dimen125
\diagbox@sepl=\dimen126
\diagbox@sepr=\dimen127
)
(C:\CTEX\MiKTeX\tex\latex\listings\listings.sty
\lst@mode=\count117
\lst@gtempboxa=\box31
\lst@token=\toks25
\lst@length=\count118
\lst@currlwidth=\dimen128
\lst@column=\count119
\lst@pos=\count120
\lst@lostspace=\dimen129
\lst@width=\dimen130
\lst@newlines=\count121
\lst@lineno=\count122
\lst@maxwidth=\dimen131

(C:\CTEX\MiKTeX\tex\latex\listings\lstmisc.sty
File: lstmisc.sty 2007/02/22 1.4 (Carsten Heinz)
\c@lstnumber=\count123
\lst@skipnumbers=\count124
\lst@framebox=\box32
)
(C:\CTEX\MiKTeX\tex\latex\listings\listings.cfg
File: listings.cfg 2007/02/22 1.4 listings configuration
))
Package: listings 2007/02/22 1.4 (Carsten Heinz)

(C:\CTEX\MiKTeX\tex\latex\ams\classes\amsthm.sty
Package: amsthm 2004/08/06 v2.20
\thm@style=\toks26
\thm@bodyfont=\toks27
\thm@headfont=\toks28
\thm@notefont=\toks29
\thm@headpunct=\toks30
\thm@preskip=\skip56
\thm@postskip=\skip57
\thm@headsep=\skip58
\dth@everypar=\toks31
)
(C:\CTEX\MiKTeX\tex\latex\algorithm2e\algorithm2e.sty
Package: algorithm2e 2008/00/00 v3.10 algorithms environments
\c@AlgoLine=\count125

(C:\CTEX\MiKTeX\tex\latex\base\ifthen.sty
Package: ifthen 2001/05/26 v1.1c Standard LaTeX ifthen package (DPC)
)
(C:\CTEX\MiKTeX\tex\latex\tools\xspace.sty
Package: xspace 2009/10/20 v1.13 Space after command names (DPC,MH)
)
(C:\CTEX\MiKTeX\tex\latex\ltxmisc\relsize.sty
Package: relsize 2003/07/04 ver 3.1
)
********************************************************
Package `algorithm2e' Release 4.01 -- december 14 2009 --
- algorithm2e-announce@lirmm.fr mailing list for announcement about releases
- algorithm2e-discussion@lirmm.fr mailing list for discussion about package
subscribe by emailing sympa@lirmm.fr with 'subscribe <list> <firstname name>'
- Author: Christophe Fiorio (fiorio@lirmm.fr)
********************************************************
\skiptotal=\skip59
\skiplinenumber=\skip60
\skiprule=\skip61
\skiphlne=\skip62
\skiptext=\skip63
\skiplength=\skip64
\algomargin=\skip65
\skipalgocfslide=\skip66
\algowidth=\dimen132
\inoutsize=\dimen133
\inoutline=\dimen134
\interspacetitleruled=\dimen135
\interspacealgoruled=\dimen136
\interspacetitleboxruled=\dimen137
\algocf@inoutbox=\box33
\algocf@inputbox=\box34
\AlCapSkip=\skip67
\AlCapHSkip=\skip68
\algocf@nlbox=\box35
\algocf@hangingbox=\box36
\algocf@capbox=\box37
\algoheightruledefault=\skip69
\algoheightrule=\skip70
\algotitleheightruledefault=\skip71
\algotitleheightrule=\skip72
\c@algocfline=\count126
\c@algocfproc=\count127
\c@algocf=\count128
\algocf@algoframe=\box38
\algocf@algobox=\box39
)
\c@result=\count129
\c@exmp=\count130
 (C:\Users\yilih\Documents\GitHub\Git-Poisson-Multinomial\tex\main.aux

LaTeX Warning: Label `tab:my_label' multiply defined.


LaTeX Warning: Label `tab:my_label' multiply defined.

)
LaTeX Font Info:    Checking defaults for OML/cmm/m/it on input line 90.
LaTeX Font Info:    ... okay on input line 90.
LaTeX Font Info:    Checking defaults for T1/cmr/m/n on input line 90.
LaTeX Font Info:    ... okay on input line 90.
LaTeX Font Info:    Checking defaults for OT1/cmr/m/n on input line 90.
LaTeX Font Info:    ... okay on input line 90.
LaTeX Font Info:    Checking defaults for OMS/cmsy/m/n on input line 90.
LaTeX Font Info:    ... okay on input line 90.
LaTeX Font Info:    Checking defaults for OMX/cmex/m/n on input line 90.
LaTeX Font Info:    ... okay on input line 90.
LaTeX Font Info:    Checking defaults for U/cmr/m/n on input line 90.
LaTeX Font Info:    ... okay on input line 90.
 (C:\CTEX\MiKTeX\tex\context\base\supp-pdf.mkii
[Loading MPS to PDF converter (version 2006.09.02).]
\scratchcounter=\count131
\scratchdimen=\dimen138
\scratchbox=\box40
\nofMPsegments=\count132
\nofMParguments=\count133
\everyMPshowfont=\toks32
\MPscratchCnt=\count134
\MPscratchDim=\dimen139
\MPnumerator=\count135
\makeMPintoPDFobject=\count136
\everyMPtoPDFconversion=\toks33
)
\c@maskedRefs=\count137
 (C:\CTEX\MiKTeX\tex\latex\apacite\english.apc
File: english.apc 2012/02/25 v6.01 apacite language file
LaTeX Info: Redefining \BPBI on input line 129.
LaTeX Info: Redefining \BHBI on input line 130.
)
\c@lstlisting=\count138
LaTeX Font Info:    Try loading font information for U+lasy on input line 101.

(C:\CTEX\MiKTeX\tex\latex\base\ulasy.fd
File: ulasy.fd 1998/08/17 v2.2e LaTeX symbol font definitions
)
LaTeX Font Info:    Try loading font information for U+msa on input line 101.

(C:\CTEX\MiKTeX\tex\latex\amsfonts\umsa.fd
File: umsa.fd 2009/06/22 v3.00 AMS symbols A
)
LaTeX Font Info:    Try loading font information for U+msb on input line 101.

(C:\CTEX\MiKTeX\tex\latex\amsfonts\umsb.fd
File: umsb.fd 2009/06/22 v3.00 AMS symbols B
) [1
Non-PDF special ignored!

{C:/CTEX/UserData/pdftex/config/pdftex.map{Unicode.sfd}{UGBK.sfd}}]
Overfull \hbox (4.50577pt too wide) in paragraph at lines 118--119
[]\OT1/cmr/m/n/12 MD-DFT(base on multi-dimensional dis-crete Fouri-er transform
(MD-DFT)) method:
 []

[2]
Underfull \hbox (badness 10000) in paragraph at lines 138--142

 []

[3]
Underfull \hbox (badness 10000) in paragraph at lines 158--161

 []


Underfull \hbox (badness 10000) in paragraph at lines 158--161

 []

LaTeX Font Info:    Font shape `U/lasy/b/n' in size <8> not available
(Font)              Font shape `U/lasy/m/n' tried instead on input line 180.
LaTeX Font Info:    Font shape `U/lasy/b/n' in size <6> not available
(Font)              Font shape `U/lasy/m/n' tried instead on input line 180.

Underfull \hbox (badness 10000) in paragraph at lines 180--182

 []

[4]
Underfull \hbox (badness 10000) in paragraph at lines 204--209

 []

[5]
Underfull \hbox (badness 10000) in paragraph at lines 227--231

 []


Underfull \hbox (badness 10000) in paragraph at lines 235--236

 []

[6]
Underfull \hbox (badness 10000) in paragraph at lines 261--262

 []

[7] <(n,m)pairs.png, id=41, 505.28775pt x 269.20575pt>
File: (n,m)pairs.png Graphic file (type png)
 <use (n,m)pairs.png>
Package pdftex.def Info: (n,m)pairs.png used on input line 318.
(pdftex.def)             Requested size: 404.23074pt x 215.36488pt.

[8]

LaTeX Warning: File `normal accuracy.png' not found on input line 325.

<normal accuracy.png, id=46, 520.94624pt x 476.37975pt>
File: normal accuracy.png Graphic file (type png)

<use normal accuracy.png>
Package pdftex.def Info: normal accuracy.png used on input line 325.
(pdftex.def)             Requested size: 468.84729pt x 428.7378pt.

Overfull \hbox (61.71135pt too wide) in paragraph at lines 325--326
 [][] 
 []


LaTeX Warning: `!h' float specifier changed to `!ht'.

LaTeX Font Info:    Try loading font information for OMS+cmr on input line 343.

(C:\CTEX\MiKTeX\tex\latex\base\omscmr.fd
File: omscmr.fd 1999/05/25 v2.5h Standard LaTeX font definitions
)
LaTeX Font Info:    Font shape `OMS/cmr/m/n' in size <12> not available
(Font)              Font shape `OMS/cmsy/m/n' tried instead on input line 343.

Overfull \hbox (17.62482pt too wide) detected at line 347
[][] 
 []

[9 <C:/Users/yilih/Documents/GitHub/Git-Poisson-Multinomial/tex/(n,m)pairs.png>
] [10 <C:/Users/yilih/Documents/GitHub/Git-Poisson-Multinomial/tex/normal accur
acy.png>]
Underfull \hbox (badness 10000) in paragraph at lines 360--362

 []


LaTeX Warning: File `simu accuracy.png' not found on input line 371.

<simu accuracy.png, id=55, 519.74174pt x 470.9595pt>
File: simu accuracy.png Graphic file (type png)
 <use simu accuracy.png>
Package pdftex.def Info: simu accuracy.png used on input line 371.
(pdftex.def)             Requested size: 415.79396pt x 376.7681pt.

Overfull \hbox (8.65802pt too wide) in paragraph at lines 371--372
 [][] 
 []


LaTeX Warning: `!h' float specifier changed to `!ht'.

[11]

LaTeX Warning: `!h' float specifier changed to `!ht'.

[12 <C:/Users/yilih/Documents/GitHub/Git-Poisson-Multinomial/tex/simu accuracy.
png>]
Underfull \hbox (badness 10000) in paragraph at lines 420--446

 []


Underfull \hbox (badness 10000) in paragraph at lines 420--446

 []


Underfull \hbox (badness 10000) in paragraph at lines 420--446

 []


Underfull \hbox (badness 10000) in paragraph at lines 420--446

 []


Underfull \hbox (badness 10000) in paragraph at lines 420--446

 []


LaTeX Warning: `!h' float specifier changed to `!ht'.

[13]
Underfull \hbox (badness 10000) in paragraph at lines 448--456

 []


Underfull \hbox (badness 10000) in paragraph at lines 448--456

 []


Underfull \hbox (badness 10000) in paragraph at lines 448--456

 []

[14] (C:\Users\yilih\Documents\GitHub\Git-Poisson-Multinomial\tex\main.bbl
[15]) [16]
(C:\Users\yilih\Documents\GitHub\Git-Poisson-Multinomial\tex\main.aux)

LaTeX Warning: There were multiply-defined labels.

 ) 
Here is how much of TeX's memory you used:
 7067 strings out of 495354
 90054 string characters out of 3183858
 197675 words of memory out of 3000000
 10040 multiletter control sequences out of 15000+200000
 18254 words of font info for 74 fonts, out of 3000000 for 9000
 14 hyphenation exceptions out of 8191
 42i,22n,32p,1801b,368s stack positions out of 5000i,500n,10000p,200000b,50000s
<C:/CTEX/MiKTeX/fonts/type1/public/amsfonts/cm/cmbx10.pfb><C:/CTEX/MiKTeX/fon
ts/type1/public/amsfonts/cm/cmbx12.pfb><C:/CTEX/MiKTeX/fonts/type1/public/amsfo
nts/cm/cmex10.pfb><C:/CTEX/MiKTeX/fonts/type1/public/amsfonts/cm/cmmi10.pfb><C:
/CTEX/MiKTeX/fonts/type1/public/amsfonts/cm/cmmi12.pfb><C:/CTEX/MiKTeX/fonts/ty
pe1/public/amsfonts/cm/cmmi6.pfb><C:/CTEX/MiKTeX/fonts/type1/public/amsfonts/cm
/cmmi8.pfb><C:/CTEX/MiKTeX/fonts/type1/public/amsfonts/cm/cmmib10.pfb><C:/CTEX/
MiKTeX/fonts/type1/public/amsfonts/cmextra/cmmib8.pfb><C:/CTEX/MiKTeX/fonts/typ
e1/public/amsfonts/cm/cmr10.pfb><C:/CTEX/MiKTeX/fonts/type1/public/amsfonts/cm/
cmr12.pfb><C:/CTEX/MiKTeX/fonts/type1/public/amsfonts/cm/cmr17.pfb><C:/CTEX/MiK
TeX/fonts/type1/public/amsfonts/cm/cmr6.pfb><C:/CTEX/MiKTeX/fonts/type1/public/
amsfonts/cm/cmr8.pfb><C:/CTEX/MiKTeX/fonts/type1/public/amsfonts/cm/cmsy10.pfb>
<C:/CTEX/MiKTeX/fonts/type1/public/amsfonts/cm/cmsy6.pfb><C:/CTEX/MiKTeX/fonts/
type1/public/amsfonts/cm/cmsy8.pfb><C:/CTEX/MiKTeX/fonts/type1/public/amsfonts/
cm/cmti12.pfb><C:/CTEX/MiKTeX/fonts/type1/public/amsfonts/cm/cmtt12.pfb>
Output written on main.pdf (16 pages, 357209 bytes).
PDF statistics:
 137 PDF objects out of 1000 (max. 8388607)
 0 named destinations out of 1000 (max. 500000)
 16 words of extra memory for PDF output out of 10000 (max. 10000000)

